06:09:36 **** Incremental Build of configuration Debug for project Atmega32_EEPROM_SPI ****
make all 
Building file: ../main.c
Invoking: AVR Compiler
avr-gcc -Wall -g2 -gstabs -O0 -fpack-struct -fshort-enums -ffunction-sections -fdata-sections -std=gnu99 -funsigned-char -funsigned-bitfields -mmcu=atmega32 -DF_CPU=8000000UL -MMD -MP -MF"main.d" -MT"main.o" -c -o "main.o" "../main.c"
In file included from ../main.c:10:
c:/winavr-20100110/lib/gcc/../../avr/include/util/delay.h:90:3: warning: #warning "Compiler optimizations disabled; functions from <util/delay.h> won't work as designed"
Finished building: ../main.c
 
Building target: Atmega32_EEPROM_SPI.elf
Invoking: AVR C Linker
avr-gcc -Wl,-Map,Atmega32_EEPROM_SPI.map -mmcu=atmega32 -o "Atmega32_EEPROM_SPI.elf"  ./DIO_program.o ./EEPROM_program.o ./SPI_program.o ./SSD_program.o ./main.o   
Finished building target: Atmega32_EEPROM_SPI.elf
 
Invoking: AVR Create Extended Listing
avr-objdump -h -S Atmega32_EEPROM_SPI.elf  >"Atmega32_EEPROM_SPI.lss"
Finished building: Atmega32_EEPROM_SPI.lss
 
Create Flash image (ihex format)
avr-objcopy -R .eeprom -R .fuse -R .lock -R .signature -O ihex Atmega32_EEPROM_SPI.elf  "Atmega32_EEPROM_SPI.hex"
Finished building: Atmega32_EEPROM_SPI.hex
 
Invoking: Print Size
avr-size --format=avr --mcu=atmega32 Atmega32_EEPROM_SPI.elf
AVR Memory Usage
----------------
Device: atmega32

Program:    7922 bytes (24.2% Full)
(.text + .data + .bootloader)

Data:         28 bytes (1.4% Full)
(.data + .bss + .noinit)


Finished building: sizedummy
 

06:09:37 Build Finished. 0 errors, 1 warnings. (took 669ms)

